<?xml version="1.0" encoding="UTF-8"?>
<!-- Generated by org.testng.reporters.JUnitReportReporter -->
<testsuite hostname="Bharani" failures="0" tests="1" name="testng.Testcase2" time="13.115" errors="0" timestamp="2022-09-05T15:51:20 IST" skipped="0">
  <testcase classname="testng.Testcase2" name="forgotpassword" time="13.115"/>
  <system-out>
    <![CDATA[Forgotten Password | Can't Log In | Facebook
https://www.facebook.com/login/identify/?ctx=recover&ars=facebook_login&from_login_screen=0]]>
  </system-out>
</testsuite> <!-- testng.Testcase2 -->
