<?xml version="1.0" encoding="UTF-8"?>
<!-- Generated by org.testng.reporters.JUnitReportReporter -->
<testsuite hostname="Bharani" failures="0" tests="1" name="testng.Test0" time="0.009" errors="0" timestamp="2022-09-02T15:42:53 IST" skipped="0">
  <testcase classname="testng.Test0" name="tc1" time="0.009"/>
  <system-out>
    <![CDATA[Hello selenium
Hello java]]>
  </system-out>
</testsuite> <!-- testng.Test0 -->
