<?xml version="1.0" encoding="UTF-8"?>
<!-- Generated by org.testng.reporters.JUnitReportReporter -->
<testsuite hostname="Bharani" failures="0" tests="1" name="testng.Testcase4" time="7.387" errors="0" timestamp="2022-09-06T15:51:59 IST" skipped="0">
  <testcase classname="testng.Testcase4" name="login" time="7.387"/>
  <system-out>
    <![CDATA[Facebook â€“ log in or sign up]]>
  </system-out>
</testsuite> <!-- testng.Testcase4 -->
